2026/06/08 16:16:57 Using existing datafeed file
2026/06/08 16:16:57 Using existing extracted datafeed directory
2026/06/08 16:16:57 Generating initial mock vehicle positions...
2026/06/08 16:17:01 Loaded 129583 stop_times entries for 129583 trips
2026/06/08 16:17:01 Updated trips with start/end times
2026/06/08 16:17:01 Generated 200 mock vehicle positions
2026/06/08 16:17:01 LOCATIONS_API_KEY not set, generating mock vehicle positions from GTFS
2026/06/08 16:17:01 trip updates refresh failed: TRIP_UPDATES_API_KEY env var is not set
2026/06/08 16:17:01 listening on :8080
2026/06/08 16:17:01 Generated 200 mock vehicle positions
2026/06/08 16:17:25 http: superfluous response.WriteHeader call from main.datafeedsGTFSFileHandler (main.go:632)
2026/06/08 16:17:40 http: superfluous response.WriteHeader call from main.datafeedsGTFSFileHandler (main.go:632)
2026/06/08 16:18:01 LOCATIONS_API_KEY not set, generating mock vehicle positions from GTFS
2026/06/08 16:18:01 trip updates refresh failed: TRIP_UPDATES_API_KEY env var is not set
2026/06/08 16:18:01 Generated 200 mock vehicle positions
2026/06/08 16:19:01 trip updates refresh failed: TRIP_UPDATES_API_KEY env var is not set
2026/06/08 16:19:01 LOCATIONS_API_KEY not set, generating mock vehicle positions from GTFS
2026/06/08 16:19:01 Generated 200 mock vehicle positions
2026/06/08 16:20:01 LOCATIONS_API_KEY not set, generating mock vehicle positions from GTFS
2026/06/08 16:20:01 trip updates refresh failed: TRIP_UPDATES_API_KEY env var is not set
2026/06/08 16:20:01 Generated 200 mock vehicle positions
2026/06/08 16:21:01 LOCATIONS_API_KEY not set, generating mock vehicle positions from GTFS
2026/06/08 16:21:01 trip updates refresh failed: TRIP_UPDATES_API_KEY env var is not set
2026/06/08 16:21:01 Generated 200 mock vehicle positions
2026/06/08 16:22:01 trip updates refresh failed: TRIP_UPDATES_API_KEY env var is not set
2026/06/08 16:22:01 LOCATIONS_API_KEY not set, generating mock vehicle positions from GTFS
2026/06/08 16:22:01 Generated 200 mock vehicle positions
2026/06/08 16:22:50 http: superfluous response.WriteHeader call from main.datafeedsGTFSFileHandler (main.go:632)
2026/06/08 16:23:01 trip updates refresh failed: TRIP_UPDATES_API_KEY env var is not set
2026/06/08 16:23:01 LOCATIONS_API_KEY not set, generating mock vehicle positions from GTFS
2026/06/08 16:23:01 Generated 200 mock vehicle positions
2026/06/08 16:24:01 LOCATIONS_API_KEY not set, generating mock vehicle positions from GTFS
2026/06/08 16:24:01 trip updates refresh failed: TRIP_UPDATES_API_KEY env var is not set
2026/06/08 16:24:01 Generated 200 mock vehicle positions
signal: killed
